<?xml version="1.0" encoding="UTF-8"?>
<!-- Generated by org.testng.reporters.JUnitReportReporter -->
<testsuite skipped="0" hostname="CRISS-NOTE-WORK" name="airbnb.TestSuit03" tests="7" failures="0" timestamp="2022-02-23T11:20:26 CLST" time="28.205" errors="0">
  <testcase name="TC004_goToProfileAndValidateLegal" time="10.295" classname="airbnb.TestSuit03"/>
  <system-out>
    <![CDATA[Validating if Profile page is present...
Validating if Legal title is present...]]>
  </system-out>
  <testcase name="TC001_clickOnProfile" time="3.364" classname="airbnb.TestSuit03"/>
  <system-out/>
  <testcase name="TC003_swipeToGetBottomOfTheScreen" time="4.061" classname="airbnb.TestSuit03"/>
  <system-out>
    <![CDATA[Validating if Profile page is present...]]>
  </system-out>
  <testcase name="TC007_screenShotOfProfileBottomPage" time="0.311" classname="airbnb.TestSuit03"/>
  <system-out>
    <![CDATA[Validating if Profile page is present...]]>
  </system-out>
  <testcase name="TC005_scrollToExactlyText" time="7.038" classname="airbnb.TestSuit03"/>
  <system-out>
    <![CDATA[Validating if Profile page is present...]]>
  </system-out>
  <testcase name="TC006_scrollToPartialText" time="1.891" classname="airbnb.TestSuit03"/>
  <system-out>
    <![CDATA[Validating if Profile page is present...]]>
  </system-out>
  <testcase name="TC002_verifyProfilePage" time="1.245" classname="airbnb.TestSuit03"/>
  <system-out>
    <![CDATA[Validating if Profile page is present...]]>
  </system-out>
</testsuite> <!-- airbnb.TestSuit03 -->
