<?xml version="1.0" encoding="UTF-8"?>
<!-- Generated by org.testng.reporters.JUnitReportReporter -->
<testsuite skipped="0" hostname="CRISS-NOTE-WORK" name="airbnb.TestSuit02" tests="4" failures="0" timestamp="2022-02-23T11:20:26 CLST" time="23.515" errors="0">
  <testcase name="TC004_selectValueFromResultSearchBasedOnText" time="7.717" classname="airbnb.TestSuit02"/>
  <system-out>
    <![CDATA[Trying to check if Explore page is present...
Trying to click on Where are you going method...
Where are you going clicked!
Trying to enter destination field...
Destination entered
Trying to click final destination...
List size: 5
Values found:
Cancun, Cancún
Cancun - Chetumal, Playacar, Playa del Carmen, Q.R.
Cancún, Mexico
Cancún - Punta Nizuc, Punta Cancun, Zona Hotelera, Cancún, Quintana Roo
Cancún - Punta Nizuc, Punta Cancun, Zona Hotelera, Cancún, Q.R.
Search parameter found
Trying to click back arrow...
Back arrow was clicked!
Trying to click back arrow...
Back arrow was clicked!]]>
  </system-out>
  <testcase name="TC003_findRestaurantWhitJSON" time="4.002" classname="airbnb.TestSuit02"/>
  <system-out>
    <![CDATA[Trying to check if Explore page is present...
Trying to click on Where are you going method...
Where are you going clicked!
Trying to enter destination field...
Destination entered
Trying to click back arrow...
Back arrow was clicked!]]>
  </system-out>
  <testcase name="TC002_lookForDestinationWhitExcel" time="4.428" classname="airbnb.TestSuit02"/>
  <system-out>
    <![CDATA[Trying to check if Explore page is present...
Trying to click on Where are you going method...
Where are you going clicked!
Trying to enter destination field...
Destination entered
Trying to click back arrow...
Back arrow was clicked!]]>
  </system-out>
  <testcase name="TC001_lookForDestinationWhitJSON" time="7.368" classname="airbnb.TestSuit02"/>
  <system-out>
    <![CDATA[Trying to check if Explore page is present...
Trying to click on Where are you going method...
Where are you going clicked!
Trying to enter destination field...
Destination entered
Trying to click back arrow...
Back arrow was clicked!]]>
  </system-out>
</testsuite> <!-- airbnb.TestSuit02 -->
