<?xml version="1.0" encoding="UTF-8"?>
<!-- Generated by org.testng.reporters.JUnitReportReporter -->
<testsuite skipped="0" hostname="CRISS-NOTE-WORK" name="airbnb.TestSuit02C" tests="4" failures="0" timestamp="2022-02-26T10:53:10 CLST" time="27.589" errors="0">
  <testcase name="TC004_selectValueFromResultSearchBasedOnText" time="9.046" classname="airbnb.TestSuit02C"/>
  <system-out>
    <![CDATA[Select a value from result search based on a text
Trying to check if Explore page is present...
Trying to click on Where are you going method...
Where are you going clicked!
Trying to enter destination field...
Destination entered
Trying to click final destination...
List size: 5
Values found:
Cancun, Cancún
Cancun - Chetumal, Playacar, Playa del Carmen, Q.R.
Cancún, Mexico
Cancún - Punta Nizuc, Punta Cancun, Zona Hotelera, Cancún, Quintana Roo
Cancún - Punta Nizuc, Punta Cancun, Zona Hotelera, Cancún, Q.R.
Search parameter found
Trying to click back arrow...
Back arrow was clicked!
Trying to click back arrow...
Back arrow was clicked!]]>
  </system-out>
  <testcase name="TC001_lookForDestinationWhitJSON" time="9.177" classname="airbnb.TestSuit02C"/>
  <system-out>
    <![CDATA[Look for destination whit JSON
Trying to check if Explore page is present...
Trying to click on Where are you going method...
Where are you going clicked!
Trying to enter destination field...
Destination entered
Trying to click back arrow...
Back arrow was clicked!]]>
  </system-out>
  <testcase name="TC003_findRestaurantWhitJSON" time="4.268" classname="airbnb.TestSuit02C"/>
  <system-out>
    <![CDATA[Find a Restaurant whit JSON
Trying to check if Explore page is present...
Trying to click on Where are you going method...
Where are you going clicked!
Trying to enter destination field...
Destination entered
Trying to click back arrow...
Back arrow was clicked!]]>
  </system-out>
  <testcase name="TC002_lookForDestinationWhitExcel" time="5.098" classname="airbnb.TestSuit02C"/>
  <system-out>
    <![CDATA[Look for destination whit Excel
Trying to check if Explore page is present...
Trying to click on Where are you going method...
Where are you going clicked!
Trying to enter destination field...
Destination entered
Trying to click back arrow...
Back arrow was clicked!]]>
  </system-out>
</testsuite> <!-- airbnb.TestSuit02C -->
